<?xml version="1.0" encoding="UTF-8"?>
<!-- Generated by org.testng.reporters.JUnitXMLReporter -->
<testsuite ignored="0" hostname="DESKTOP-DJ47Q0F" failures="0" tests="4" name="User API Tests" time="9.008" errors="0" timestamp="2025-09-23T21:42:01 IST">
  <testcase classname="tests.UserTests" name="invalidLogin" time="4.073"/>
  <testcase classname="tests.UserTests" name="login" time="0.38"/>
  <testcase classname="tests.UserTests" name="getUserDetails" time="6.585"/>
  <testcase classname="tests.UserTests" name="createUser" time="6.688"/>
</testsuite> <!-- User API Tests -->
