<?xml version="1.0" encoding="UTF-8"?>
<testng-results ignored="0" total="2" passed="2" failed="0" skipped="0">
  <reporter-output>
  </reporter-output>
  <suite started-at="2025-09-22T23:04:32 IST" name="Default suite" finished-at="2025-09-22T23:04:38 IST" duration-ms="6053">
    <groups>
    </groups>
    <test started-at="2025-09-22T23:04:32 IST" name="Default test" finished-at="2025-09-22T23:04:38 IST" duration-ms="6053">
      <class name="tests.UserTests">
        <test-method is-config="true" signature="setup()[pri:0, instance:tests.UserTests@1b66c0fb]" started-at="2025-09-22T23:04:32 IST" name="setup" finished-at="2025-09-22T23:04:33 IST" duration-ms="1016" status="PASS">
          <reporter-output>
          </reporter-output>
        </test-method> <!-- setup -->
        <test-method signature="createUser()[pri:0, instance:tests.UserTests@1b66c0fb]" started-at="2025-09-22T23:04:33 IST" name="createUser" finished-at="2025-09-22T23:04:37 IST" duration-ms="4199" status="PASS">
          <reporter-output>
          </reporter-output>
        </test-method> <!-- createUser -->
        <test-method signature="getUserDetails()[pri:0, instance:tests.UserTests@1b66c0fb]" started-at="2025-09-22T23:04:37 IST" name="getUserDetails" finished-at="2025-09-22T23:04:38 IST" duration-ms="593" status="PASS">
          <reporter-output>
          </reporter-output>
        </test-method> <!-- getUserDetails -->
      </class> <!-- tests.UserTests -->
    </test> <!-- Default test -->
  </suite> <!-- Default suite -->
</testng-results>
